2015-08-25 22:08:38,939 [Worker-5] INFO  o.e.m.c.i.p.ProjectConfigurationManager - Collecting project info '/pom.xml' C:\Users\Bel\Java\Java_hw_39\JUnit_2\pom.xml
2015-08-25 22:08:43,606 [Worker-5] INFO  o.e.m.c.i.l.LifecycleMappingFactory - Using org.eclipse.m2e.jdt.JarLifecycleMapping lifecycle mapping for MavenProject: core:JUnit_2:10 @ C:\Users\Bel\Java\Java_hw_39\JUnit_2\pom.xml.
2015-08-25 22:08:44,938 [Worker-5] INFO  o.e.m.j.i.AbstractJavaProjectConfigurator - Adding source folder /JUnit_2/src/main/java
2015-08-25 22:08:44,952 [Worker-5] INFO  o.e.m.j.i.AbstractJavaProjectConfigurator - Adding source folder /JUnit_2/src/test/java
2015-08-25 22:08:46,701 [Worker-5] INFO  o.e.m.c.i.p.ProjectConfigurationManager - Imported and configured 1 project(s) in 7 sec
2015-08-25 22:08:47,917 [Worker-13] INFO  o.e.m.c.i.embedder.EclipseLogger - Using 'UTF-8' encoding to copy filtered resources.
2015-08-25 22:08:47,918 [Worker-13] INFO  o.e.m.c.i.embedder.EclipseLogger - skip non existing resourceDirectory C:\Users\Bel\Java\Java_hw_39\JUnit_2\src\main\resources
2015-08-25 22:08:47,925 [Worker-13] INFO  o.e.m.c.i.embedder.EclipseLogger - Using 'UTF-8' encoding to copy filtered resources.
2015-08-25 22:08:47,926 [Worker-13] INFO  o.e.m.c.i.embedder.EclipseLogger - skip non existing resourceDirectory C:\Users\Bel\Java\Java_hw_39\JUnit_2\src\test\resources
2015-08-25 22:09:57,813 [Worker-15] INFO  o.e.m.c.i.embedder.EclipseLogger - Using 'UTF-8' encoding to copy filtered resources.
2015-08-25 22:09:57,814 [Worker-15] INFO  o.e.m.c.i.embedder.EclipseLogger - skip non existing resourceDirectory C:\Users\Bel\Java\Java_hw_39\JUnit_2\src\main\resources
2015-08-25 22:09:57,819 [Worker-15] INFO  o.e.m.c.i.embedder.EclipseLogger - Using 'UTF-8' encoding to copy filtered resources.
2015-08-25 22:09:57,820 [Worker-15] INFO  o.e.m.c.i.embedder.EclipseLogger - skip non existing resourceDirectory C:\Users\Bel\Java\Java_hw_39\JUnit_2\src\test\resources
2015-08-25 22:12:54,870 [Worker-14] INFO  o.e.m.c.i.p.ProjectConfigurationManager - Collecting project info '/pom.xml' C:\Users\Bel\Java\Java_hw_39\Junit2\pom.xml
2015-08-25 22:12:58,563 [Worker-14] INFO  o.e.m.c.i.l.LifecycleMappingFactory - Using org.eclipse.m2e.jdt.JarLifecycleMapping lifecycle mapping for MavenProject: core:Junit2:0.0.1-SNAPSHOT @ C:\Users\Bel\Java\Java_hw_39\Junit2\pom.xml.
2015-08-25 22:12:59,582 [Worker-14] INFO  o.e.m.j.i.AbstractJavaProjectConfigurator - Adding source folder /Junit2/src/main/java
2015-08-25 22:12:59,605 [Worker-14] INFO  o.e.m.j.i.AbstractJavaProjectConfigurator - Adding source folder /Junit2/src/test/java
2015-08-25 22:12:59,828 [Worker-14] INFO  o.e.m.c.i.p.ProjectConfigurationManager - Imported and configured 1 project(s) in 4 sec
2015-08-25 22:13:00,287 [Worker-0] INFO  o.e.m.c.i.embedder.EclipseLogger - Using 'UTF-8' encoding to copy filtered resources.
2015-08-25 22:13:00,287 [Worker-0] INFO  o.e.m.c.i.embedder.EclipseLogger - skip non existing resourceDirectory C:\Users\Bel\Java\Java_hw_39\Junit2\src\main\resources
2015-08-25 22:13:00,294 [Worker-0] INFO  o.e.m.c.i.embedder.EclipseLogger - Using 'UTF-8' encoding to copy filtered resources.
2015-08-25 22:13:00,295 [Worker-0] INFO  o.e.m.c.i.embedder.EclipseLogger - skip non existing resourceDirectory C:\Users\Bel\Java\Java_hw_39\Junit2\src\test\resources
2015-08-25 22:13:42,301 [Worker-10] INFO  o.e.m.c.i.embedder.EclipseLogger - Using 'UTF-8' encoding to copy filtered resources.
2015-08-25 22:13:42,302 [Worker-10] INFO  o.e.m.c.i.embedder.EclipseLogger - skip non existing resourceDirectory C:\Users\Bel\Java\Java_hw_39\Junit2\src\main\resources
2015-08-25 22:13:42,305 [Worker-10] INFO  o.e.m.c.i.embedder.EclipseLogger - Using 'UTF-8' encoding to copy filtered resources.
2015-08-25 22:13:42,306 [Worker-10] INFO  o.e.m.c.i.embedder.EclipseLogger - skip non existing resourceDirectory C:\Users\Bel\Java\Java_hw_39\Junit2\src\test\resources
2015-08-25 22:14:48,883 [Worker-15] INFO  o.e.m.c.i.embedder.EclipseLogger - Using 'UTF-8' encoding to copy filtered resources.
2015-08-25 22:14:48,884 [Worker-15] INFO  o.e.m.c.i.embedder.EclipseLogger - skip non existing resourceDirectory C:\Users\Bel\Java\Java_hw_39\Junit2\src\main\resources
2015-08-25 22:14:48,889 [Worker-15] INFO  o.e.m.c.i.embedder.EclipseLogger - Using 'UTF-8' encoding to copy filtered resources.
2015-08-25 22:14:48,890 [Worker-15] INFO  o.e.m.c.i.embedder.EclipseLogger - skip non existing resourceDirectory C:\Users\Bel\Java\Java_hw_39\Junit2\src\test\resources
2015-08-25 22:14:50,753 [Worker-0] INFO  o.e.m.c.i.embedder.EclipseLogger - Using 'UTF-8' encoding to copy filtered resources.
2015-08-25 22:14:50,753 [Worker-0] INFO  o.e.m.c.i.embedder.EclipseLogger - skip non existing resourceDirectory C:\Users\Bel\Java\Java_hw_39\Junit2\src\main\resources
2015-08-25 22:14:50,758 [Worker-0] INFO  o.e.m.c.i.embedder.EclipseLogger - Using 'UTF-8' encoding to copy filtered resources.
2015-08-25 22:14:50,759 [Worker-0] INFO  o.e.m.c.i.embedder.EclipseLogger - skip non existing resourceDirectory C:\Users\Bel\Java\Java_hw_39\Junit2\src\test\resources
2015-08-25 22:16:30,767 [Worker-17] INFO  o.e.m.c.i.l.LifecycleMappingFactory - Using org.eclipse.m2e.jdt.JarLifecycleMapping lifecycle mapping for MavenProject: core:Junit2:1.1 @ C:\Users\Bel\Java\Java_hw_39\Junit2\pom.xml.
2015-08-25 22:16:35,813 [Worker-17] INFO  o.e.m.c.i.embedder.EclipseLogger - Using 'UTF-8' encoding to copy filtered resources.
2015-08-25 22:16:35,814 [Worker-17] INFO  o.e.m.c.i.embedder.EclipseLogger - skip non existing resourceDirectory C:\Users\Bel\Java\Java_hw_39\Junit2\src\main\resources
2015-08-25 22:16:35,819 [Worker-17] INFO  o.e.m.c.i.embedder.EclipseLogger - Using 'UTF-8' encoding to copy filtered resources.
2015-08-25 22:16:35,820 [Worker-17] INFO  o.e.m.c.i.embedder.EclipseLogger - skip non existing resourceDirectory C:\Users\Bel\Java\Java_hw_39\Junit2\src\test\resources
2015-08-25 22:16:42,735 [Worker-16] INFO  o.e.m.c.i.embedder.EclipseLogger - Using 'UTF-8' encoding to copy filtered resources.
2015-08-25 22:16:42,736 [Worker-16] INFO  o.e.m.c.i.embedder.EclipseLogger - skip non existing resourceDirectory C:\Users\Bel\Java\Java_hw_39\Junit2\src\main\resources
2015-08-25 22:16:42,742 [Worker-16] INFO  o.e.m.c.i.embedder.EclipseLogger - Using 'UTF-8' encoding to copy filtered resources.
2015-08-25 22:16:42,743 [Worker-16] INFO  o.e.m.c.i.embedder.EclipseLogger - skip non existing resourceDirectory C:\Users\Bel\Java\Java_hw_39\Junit2\src\test\resources
2015-08-25 22:30:02,782 [Worker-0] INFO  o.e.m.c.i.embedder.EclipseLogger - Using 'UTF-8' encoding to copy filtered resources.
2015-08-25 22:30:02,782 [Worker-0] INFO  o.e.m.c.i.embedder.EclipseLogger - skip non existing resourceDirectory C:\Users\Bel\Java\Java_hw_39\Junit2\src\main\resources
2015-08-25 22:30:02,787 [Worker-0] INFO  o.e.m.c.i.embedder.EclipseLogger - Using 'UTF-8' encoding to copy filtered resources.
2015-08-25 22:30:02,787 [Worker-0] INFO  o.e.m.c.i.embedder.EclipseLogger - skip non existing resourceDirectory C:\Users\Bel\Java\Java_hw_39\Junit2\src\test\resources
2015-08-25 22:30:03,894 [Worker-18] INFO  o.e.m.c.i.embedder.EclipseLogger - Using 'UTF-8' encoding to copy filtered resources.
2015-08-25 22:30:03,895 [Worker-18] INFO  o.e.m.c.i.embedder.EclipseLogger - skip non existing resourceDirectory C:\Users\Bel\Java\Java_hw_39\Junit2\src\main\resources
2015-08-25 22:30:03,900 [Worker-18] INFO  o.e.m.c.i.embedder.EclipseLogger - Using 'UTF-8' encoding to copy filtered resources.
2015-08-25 22:30:03,901 [Worker-18] INFO  o.e.m.c.i.embedder.EclipseLogger - skip non existing resourceDirectory C:\Users\Bel\Java\Java_hw_39\Junit2\src\test\resources
2015-08-25 22:30:11,048 [Worker-0] INFO  o.e.m.c.i.embedder.EclipseLogger - Using 'UTF-8' encoding to copy filtered resources.
2015-08-25 22:30:11,048 [Worker-0] INFO  o.e.m.c.i.embedder.EclipseLogger - skip non existing resourceDirectory C:\Users\Bel\Java\Java_hw_39\Junit2\src\main\resources
2015-08-25 22:30:11,053 [Worker-0] INFO  o.e.m.c.i.embedder.EclipseLogger - Using 'UTF-8' encoding to copy filtered resources.
2015-08-25 22:30:11,054 [Worker-0] INFO  o.e.m.c.i.embedder.EclipseLogger - skip non existing resourceDirectory C:\Users\Bel\Java\Java_hw_39\Junit2\src\test\resources
2015-08-25 22:37:35,490 [Worker-15] INFO  o.e.m.c.i.embedder.EclipseLogger - Using 'UTF-8' encoding to copy filtered resources.
2015-08-25 22:37:35,491 [Worker-15] INFO  o.e.m.c.i.embedder.EclipseLogger - skip non existing resourceDirectory C:\Users\Bel\Java\Java_hw_39\Junit2\src\main\resources
2015-08-25 22:37:35,495 [Worker-15] INFO  o.e.m.c.i.embedder.EclipseLogger - Using 'UTF-8' encoding to copy filtered resources.
2015-08-25 22:37:35,496 [Worker-15] INFO  o.e.m.c.i.embedder.EclipseLogger - skip non existing resourceDirectory C:\Users\Bel\Java\Java_hw_39\Junit2\src\test\resources
2015-08-25 22:42:40,311 [Worker-16] INFO  o.e.m.c.i.embedder.EclipseLogger - Using 'UTF-8' encoding to copy filtered resources.
2015-08-25 22:42:40,312 [Worker-16] INFO  o.e.m.c.i.embedder.EclipseLogger - skip non existing resourceDirectory C:\Users\Bel\Java\Java_hw_39\Junit2\src\main\resources
2015-08-25 22:42:40,317 [Worker-16] INFO  o.e.m.c.i.embedder.EclipseLogger - Using 'UTF-8' encoding to copy filtered resources.
2015-08-25 22:42:40,318 [Worker-16] INFO  o.e.m.c.i.embedder.EclipseLogger - skip non existing resourceDirectory C:\Users\Bel\Java\Java_hw_39\Junit2\src\test\resources
2015-08-27 19:56:57,324 [Worker-159] INFO  o.e.m.i.launch.MavenLaunchDelegate - C:\Users\Bel\Java\Java_hw_39\Junit2
2015-08-27 19:56:57,342 [Worker-159] INFO  o.e.m.i.launch.MavenLaunchDelegate -  mvn  -B test
2015-08-27 19:57:13,816 [Worker-160] INFO  o.e.m.c.i.embedder.EclipseLogger - Using 'UTF-8' encoding to copy filtered resources.
2015-08-27 19:57:13,816 [Worker-160] INFO  o.e.m.c.i.embedder.EclipseLogger - skip non existing resourceDirectory C:\Users\Bel\Java\Java_hw_39\Junit2\src\main\resources
2015-08-27 19:57:13,845 [Worker-160] INFO  o.e.m.c.i.embedder.EclipseLogger - Using 'UTF-8' encoding to copy filtered resources.
2015-08-27 19:57:13,846 [Worker-160] INFO  o.e.m.c.i.embedder.EclipseLogger - skip non existing resourceDirectory C:\Users\Bel\Java\Java_hw_39\Junit2\src\test\resources
2015-08-27 19:58:29,298 [Worker-151] INFO  o.e.m.i.launch.MavenLaunchDelegate - C:\Users\Bel\Java\Java_hw_39\Junit2
2015-08-27 19:58:29,299 [Worker-151] INFO  o.e.m.i.launch.MavenLaunchDelegate -  mvn  -B test
2015-08-27 19:58:44,830 [Worker-151] INFO  o.e.m.c.i.embedder.EclipseLogger - Using 'UTF-8' encoding to copy filtered resources.
2015-08-27 19:58:44,831 [Worker-151] INFO  o.e.m.c.i.embedder.EclipseLogger - skip non existing resourceDirectory C:\Users\Bel\Java\Java_hw_39\Junit2\src\main\resources
2015-08-27 19:58:44,834 [Worker-151] INFO  o.e.m.c.i.embedder.EclipseLogger - Using 'UTF-8' encoding to copy filtered resources.
2015-08-27 19:58:44,835 [Worker-151] INFO  o.e.m.c.i.embedder.EclipseLogger - skip non existing resourceDirectory C:\Users\Bel\Java\Java_hw_39\Junit2\src\test\resources
2015-08-27 20:31:24,123 [Worker-161] INFO  o.e.m.i.launch.MavenLaunchDelegate - C:\Users\Bel\Java\Java_hw_39\Junit2
2015-08-27 20:31:24,124 [Worker-161] INFO  o.e.m.i.launch.MavenLaunchDelegate -  mvn  -B test
2015-08-27 20:31:39,052 [Worker-166] INFO  o.e.m.c.i.embedder.EclipseLogger - Using 'UTF-8' encoding to copy filtered resources.
2015-08-27 20:31:39,053 [Worker-166] INFO  o.e.m.c.i.embedder.EclipseLogger - skip non existing resourceDirectory C:\Users\Bel\Java\Java_hw_39\Junit2\src\main\resources
2015-08-27 20:31:39,067 [Worker-166] INFO  o.e.m.c.i.embedder.EclipseLogger - Using 'UTF-8' encoding to copy filtered resources.
2015-08-27 20:31:39,068 [Worker-166] INFO  o.e.m.c.i.embedder.EclipseLogger - skip non existing resourceDirectory C:\Users\Bel\Java\Java_hw_39\Junit2\src\test\resources
2015-08-27 20:35:57,816 [Worker-164] INFO  o.e.m.i.launch.MavenLaunchDelegate - C:\Users\Bel\Java\Java_hw_39\Junit2
2015-08-27 20:35:59,153 [Worker-164] INFO  o.e.m.i.launch.MavenLaunchDelegate -  mvn  -B test
2015-08-27 20:36:13,907 [Worker-161] INFO  o.e.m.c.i.embedder.EclipseLogger - Using 'UTF-8' encoding to copy filtered resources.
2015-08-27 20:36:13,910 [Worker-161] INFO  o.e.m.c.i.embedder.EclipseLogger - skip non existing resourceDirectory C:\Users\Bel\Java\Java_hw_39\Junit2\src\main\resources
2015-08-27 20:36:13,921 [Worker-161] INFO  o.e.m.c.i.embedder.EclipseLogger - Using 'UTF-8' encoding to copy filtered resources.
2015-08-27 20:36:13,922 [Worker-161] INFO  o.e.m.c.i.embedder.EclipseLogger - skip non existing resourceDirectory C:\Users\Bel\Java\Java_hw_39\Junit2\src\test\resources
